%!Adobe-FontList 1.24
%Locale:0x409

%BeginFont
Handler:DirectoryHandler
FontType:Invalid
OutlineFileName:/Users/michalpavlik/Documents/Work/Vietnam/Kobližná/BẾP_Vizualni-identita Folder/Document fonts/AdobeFnt24.lst
FileLength:2400
FileModTime:752408855
%EndFont

%BeginFont
Handler:DirectoryHandler
FontType:TrueType
FontName:Roboto-Bold
FamilyName:Roboto
StyleName:Bold
MenuName:Roboto
StyleBits:2
WeightClass:700
WidthClass:5
AngleClass:0
FullName:Roboto Bold
WritingScript:Roman
OutlineFileName:/Users/michalpavlik/Documents/Work/Vietnam/Kobližná/BẾP_Vizualni-identita Folder/Document fonts/Roboto-Bold.ttf
DataFormat:sfntData
hasSVG:no
hasSBIX:no
hasCOLR:no
VariableFontType:NonVariableFont
FileLength:162464
FileModTime:468509630
NameArray:0,Win,1,Roboto
%EndFont

%BeginFont
Handler:DirectoryHandler
FontType:TrueType
FontName:Roboto-Medium
FamilyName:Roboto
StyleName:Medium
MenuName:Roboto Medium
StyleBits:0
WeightClass:500
WidthClass:5
AngleClass:0
FullName:Roboto Medium
WritingScript:Roman
OutlineFileName:/Users/michalpavlik/Documents/Work/Vietnam/Kobližná/BẾP_Vizualni-identita Folder/Document fonts/Roboto-Medium.ttf
DataFormat:sfntData
hasSVG:no
hasSBIX:no
hasCOLR:no
VariableFontType:NonVariableFont
FileLength:162588
FileModTime:468509630
NameArray:0,Win,1,Roboto Medium
NameArray:0,Win,16,Roboto
%EndFont

%BeginFont
Handler:DirectoryHandler
FontType:TrueType
FontName:Roboto-Regular
FamilyName:Roboto
StyleName:Regular
MenuName:Roboto
StyleBits:0
WeightClass:400
WidthClass:5
AngleClass:0
FullName:Roboto
WritingScript:Roman
OutlineFileName:/Users/michalpavlik/Documents/Work/Vietnam/Kobližná/BẾP_Vizualni-identita Folder/Document fonts/Roboto-Regular.ttf
DataFormat:sfntData
hasSVG:no
hasSBIX:no
hasCOLR:no
VariableFontType:NonVariableFont
FileLength:162876
FileModTime:468509630
NameArray:0,Win,1,Roboto
%EndFont

%BeginFont
Handler:DirectoryHandler
FontType:TrueType
FontName:Roboto-Italic
FamilyName:Roboto
StyleName:Italic
MenuName:Roboto
StyleBits:1
WeightClass:400
WidthClass:5
AngleClass:1
FullName:Roboto Italic
WritingScript:Roman
OutlineFileName:/Users/michalpavlik/Documents/Work/Vietnam/Kobližná/BẾP_Vizualni-identita Folder/Document fonts/Roboto-RegularItalic.ttf
DataFormat:sfntData
hasSVG:no
hasSBIX:no
hasCOLR:no
VariableFontType:NonVariableFont
FileLength:173516
FileModTime:379375200
NameArray:0,Win,1,Roboto
%EndFont

